<?xml version="1.0" encoding="UTF-8"?>
<!-- Generated by org.testng.reporters.JUnitXMLReporter -->
<testsuite hostname="DESKTOP-LOF7LS6" ignored="0" name="Default test" tests="4" failures="0" timestamp="09 jul 2021 00:10:33 GMT" time="26.338" errors="0">
  <testcase name="S4_sortProducts" time="4.976" classname="tests.ItemTests"/>
  <testcase name="S5_validateMultipleItems" time="0.384" classname="tests.ItemTests"/>
  <testcase name="S6_validateProduct" time="0.364" classname="tests.ItemTests"/>
  <testcase name="completePurchase" time="0.602" classname="tests.ItemTests"/>
</testsuite> <!-- Default test -->
