<?xml version="1.0" encoding="UTF-8"?>
<!-- Generated by org.testng.reporters.JUnitXMLReporter -->
<testsuite hostname="DESKTOP-LOF7LS6" ignored="0" name="Test" tests="7" failures="0" timestamp="08 jul 2021 23:27:09 GMT" time="18.935" errors="0">
  <testcase name="S1_loginValidation" time="0.368" classname="tests.LoginTests"/>
  <testcase name="S4_sortProducts" time="0.569" classname="tests.ItemTests"/>
  <testcase name="S2_invalidUserMessage" time="0.179" classname="tests.LoginTests"/>
  <testcase name="S5_validateMultipleItems" time="0.558" classname="tests.ItemTests"/>
  <testcase name="S3_logoutValidation" time="1.009" classname="tests.LoginTests"/>
  <testcase name="S6_validateProduct" time="0.479" classname="tests.ItemTests"/>
  <testcase name="completePurchase" time="0.73" classname="tests.ItemTests"/>
</testsuite> <!-- Test -->
