<?xml version="1.0" encoding="UTF-8"?>
<!-- Generated by org.testng.reporters.JUnitXMLReporter -->
<testsuite hostname="DESKTOP-LOF7LS6" ignored="0" name="Test" tests="7" failures="0" timestamp="09 jul 2021 00:32:31 GMT" time="19.365" errors="0">
  <testcase name="S1_loginValidation" time="0.312" classname="tests.LoginTests"/>
  <testcase name="S4_sortProducts" time="0.555" classname="tests.ItemTests"/>
  <testcase name="S2_invalidUserMessage" time="0.182" classname="tests.LoginTests"/>
  <testcase name="S5_validateMultipleItems" time="0.564" classname="tests.ItemTests"/>
  <testcase name="S3_logoutValidation" time="0.963" classname="tests.LoginTests"/>
  <testcase name="S6_validateProduct" time="0.479" classname="tests.ItemTests"/>
  <testcase name="completePurchase" time="0.643" classname="tests.ItemTests"/>
</testsuite> <!-- Test -->
