<?xml version="1.0" encoding="UTF-8"?>
<testng-results skipped="0" failed="0" ignored="0" total="4" passed="4">
  <reporter-output>
  </reporter-output>
  <suite name="Default suite" duration-ms="26338" started-at="2021-07-09T00:10:06Z" finished-at="2021-07-09T00:10:33Z">
    <groups>
    </groups>
    <test name="Default test" duration-ms="26338" started-at="2021-07-09T00:10:06Z" finished-at="2021-07-09T00:10:33Z">
      <class name="tests.ItemTests">
        <test-method status="PASS" signature="initialize()[pri:0, instance:tests.ItemTests@14008db3]" name="initialize" is-config="true" duration-ms="7182" started-at="2021-07-09T00:10:06Z" finished-at="2021-07-09T00:10:14Z">
          <reporter-output>
          </reporter-output>
        </test-method> <!-- initialize -->
        <test-method status="PASS" signature="S4_sortProducts()[pri:1, instance:tests.ItemTests@14008db3]" name="S4_sortProducts" duration-ms="4976" started-at="2021-07-09T00:10:14Z" finished-at="2021-07-09T00:10:19Z">
          <reporter-output>
          </reporter-output>
        </test-method> <!-- S4_sortProducts -->
        <test-method status="PASS" signature="teardown()[pri:0, instance:tests.ItemTests@14008db3]" name="teardown" is-config="true" duration-ms="32" started-at="2021-07-09T00:10:19Z" finished-at="2021-07-09T00:10:19Z">
          <reporter-output>
          </reporter-output>
        </test-method> <!-- teardown -->
        <test-method status="PASS" signature="initialize()[pri:0, instance:tests.ItemTests@14008db3]" name="initialize" is-config="true" duration-ms="3765" started-at="2021-07-09T00:10:19Z" finished-at="2021-07-09T00:10:22Z">
          <reporter-output>
          </reporter-output>
        </test-method> <!-- initialize -->
        <test-method status="PASS" signature="S5_validateMultipleItems()[pri:2, instance:tests.ItemTests@14008db3]" name="S5_validateMultipleItems" duration-ms="384" started-at="2021-07-09T00:10:22Z" finished-at="2021-07-09T00:10:23Z">
          <reporter-output>
          </reporter-output>
        </test-method> <!-- S5_validateMultipleItems -->
        <test-method status="PASS" signature="teardown()[pri:0, instance:tests.ItemTests@14008db3]" name="teardown" is-config="true" duration-ms="33" started-at="2021-07-09T00:10:23Z" finished-at="2021-07-09T00:10:23Z">
          <reporter-output>
          </reporter-output>
        </test-method> <!-- teardown -->
        <test-method status="PASS" signature="initialize()[pri:0, instance:tests.ItemTests@14008db3]" name="initialize" is-config="true" duration-ms="2415" started-at="2021-07-09T00:10:23Z" finished-at="2021-07-09T00:10:25Z">
          <reporter-output>
          </reporter-output>
        </test-method> <!-- initialize -->
        <test-method status="PASS" signature="S6_validateProduct()[pri:3, instance:tests.ItemTests@14008db3]" name="S6_validateProduct" duration-ms="364" started-at="2021-07-09T00:10:25Z" finished-at="2021-07-09T00:10:26Z">
          <reporter-output>
          </reporter-output>
        </test-method> <!-- S6_validateProduct -->
        <test-method status="PASS" signature="teardown()[pri:0, instance:tests.ItemTests@14008db3]" name="teardown" is-config="true" duration-ms="32" started-at="2021-07-09T00:10:26Z" finished-at="2021-07-09T00:10:26Z">
          <reporter-output>
          </reporter-output>
        </test-method> <!-- teardown -->
        <test-method status="PASS" signature="initialize()[pri:0, instance:tests.ItemTests@14008db3]" name="initialize" is-config="true" duration-ms="6499" started-at="2021-07-09T00:10:26Z" finished-at="2021-07-09T00:10:32Z">
          <reporter-output>
          </reporter-output>
        </test-method> <!-- initialize -->
        <test-method status="PASS" signature="completePurchase()[pri:4, instance:tests.ItemTests@14008db3]" name="completePurchase" duration-ms="602" started-at="2021-07-09T00:10:32Z" finished-at="2021-07-09T00:10:33Z">
          <reporter-output>
          </reporter-output>
        </test-method> <!-- completePurchase -->
        <test-method status="PASS" signature="teardown()[pri:0, instance:tests.ItemTests@14008db3]" name="teardown" is-config="true" duration-ms="34" started-at="2021-07-09T00:10:33Z" finished-at="2021-07-09T00:10:33Z">
          <reporter-output>
          </reporter-output>
        </test-method> <!-- teardown -->
      </class> <!-- tests.ItemTests -->
    </test> <!-- Default test -->
  </suite> <!-- Default suite -->
</testng-results>
