<?xml version="1.0" encoding="UTF-8"?>
<testng-results skipped="0" failed="0" ignored="0" total="7" passed="7">
  <reporter-output>
  </reporter-output>
  <suite name="Suite" duration-ms="18935" started-at="2021-07-08T23:26:50Z" finished-at="2021-07-08T23:27:09Z">
    <groups>
    </groups>
    <test name="Test" duration-ms="18935" started-at="2021-07-08T23:26:50Z" finished-at="2021-07-08T23:27:09Z">
      <class name="tests.LoginTests">
        <test-method status="PASS" signature="initialize()[pri:0, instance:tests.LoginTests@1d8bd0de]" name="initialize" is-config="true" duration-ms="2287" started-at="2021-07-08T23:26:50Z" finished-at="2021-07-08T23:26:52Z">
          <reporter-output>
          </reporter-output>
        </test-method> <!-- initialize -->
        <test-method status="PASS" signature="S1_loginValidation()[pri:1, instance:tests.LoginTests@1d8bd0de]" name="S1_loginValidation" duration-ms="368" started-at="2021-07-08T23:26:52Z" finished-at="2021-07-08T23:26:53Z">
          <reporter-output>
          </reporter-output>
        </test-method> <!-- S1_loginValidation -->
        <test-method status="PASS" signature="teardown()[pri:0, instance:tests.LoginTests@1d8bd0de]" name="teardown" is-config="true" duration-ms="41" started-at="2021-07-08T23:26:53Z" finished-at="2021-07-08T23:26:54Z">
          <reporter-output>
          </reporter-output>
        </test-method> <!-- teardown -->
        <test-method status="PASS" signature="initialize()[pri:0, instance:tests.LoginTests@1d8bd0de]" name="initialize" is-config="true" duration-ms="1480" started-at="2021-07-08T23:26:56Z" finished-at="2021-07-08T23:26:58Z">
          <reporter-output>
          </reporter-output>
        </test-method> <!-- initialize -->
        <test-method status="PASS" signature="S2_invalidUserMessage()[pri:2, instance:tests.LoginTests@1d8bd0de]" name="S2_invalidUserMessage" duration-ms="179" started-at="2021-07-08T23:26:58Z" finished-at="2021-07-08T23:26:58Z">
          <reporter-output>
          </reporter-output>
        </test-method> <!-- S2_invalidUserMessage -->
        <test-method status="PASS" signature="teardown()[pri:0, instance:tests.LoginTests@1d8bd0de]" name="teardown" is-config="true" duration-ms="37" started-at="2021-07-08T23:26:58Z" finished-at="2021-07-08T23:26:58Z">
          <reporter-output>
          </reporter-output>
        </test-method> <!-- teardown -->
        <test-method status="PASS" signature="initialize()[pri:0, instance:tests.LoginTests@1d8bd0de]" name="initialize" is-config="true" duration-ms="1467" started-at="2021-07-08T23:27:01Z" finished-at="2021-07-08T23:27:02Z">
          <reporter-output>
          </reporter-output>
        </test-method> <!-- initialize -->
        <test-method status="PASS" signature="S3_logoutValidation()[pri:3, instance:tests.LoginTests@1d8bd0de]" name="S3_logoutValidation" duration-ms="1009" started-at="2021-07-08T23:27:02Z" finished-at="2021-07-08T23:27:03Z">
          <reporter-output>
          </reporter-output>
        </test-method> <!-- S3_logoutValidation -->
        <test-method status="PASS" signature="teardown()[pri:0, instance:tests.LoginTests@1d8bd0de]" name="teardown" is-config="true" duration-ms="38" started-at="2021-07-08T23:27:04Z" finished-at="2021-07-08T23:27:04Z">
          <reporter-output>
          </reporter-output>
        </test-method> <!-- teardown -->
      </class> <!-- tests.LoginTests -->
      <class name="tests.ItemTests">
        <test-method status="PASS" signature="initialize()[pri:0, instance:tests.ItemTests@45ca843]" name="initialize" is-config="true" duration-ms="1465" started-at="2021-07-08T23:26:54Z" finished-at="2021-07-08T23:26:55Z">
          <reporter-output>
          </reporter-output>
        </test-method> <!-- initialize -->
        <test-method status="PASS" signature="S4_sortProducts()[pri:1, instance:tests.ItemTests@45ca843]" name="S4_sortProducts" duration-ms="569" started-at="2021-07-08T23:26:55Z" finished-at="2021-07-08T23:26:56Z">
          <reporter-output>
          </reporter-output>
        </test-method> <!-- S4_sortProducts -->
        <test-method status="PASS" signature="teardown()[pri:0, instance:tests.ItemTests@45ca843]" name="teardown" is-config="true" duration-ms="34" started-at="2021-07-08T23:26:56Z" finished-at="2021-07-08T23:26:56Z">
          <reporter-output>
          </reporter-output>
        </test-method> <!-- teardown -->
        <test-method status="PASS" signature="initialize()[pri:0, instance:tests.ItemTests@45ca843]" name="initialize" is-config="true" duration-ms="1533" started-at="2021-07-08T23:26:58Z" finished-at="2021-07-08T23:27:00Z">
          <reporter-output>
          </reporter-output>
        </test-method> <!-- initialize -->
        <test-method status="PASS" signature="S5_validateMultipleItems()[pri:2, instance:tests.ItemTests@45ca843]" name="S5_validateMultipleItems" duration-ms="558" started-at="2021-07-08T23:27:00Z" finished-at="2021-07-08T23:27:01Z">
          <reporter-output>
          </reporter-output>
        </test-method> <!-- S5_validateMultipleItems -->
        <test-method status="PASS" signature="teardown()[pri:0, instance:tests.ItemTests@45ca843]" name="teardown" is-config="true" duration-ms="38" started-at="2021-07-08T23:27:01Z" finished-at="2021-07-08T23:27:01Z">
          <reporter-output>
          </reporter-output>
        </test-method> <!-- teardown -->
        <test-method status="PASS" signature="initialize()[pri:0, instance:tests.ItemTests@45ca843]" name="initialize" is-config="true" duration-ms="1471" started-at="2021-07-08T23:27:04Z" finished-at="2021-07-08T23:27:05Z">
          <reporter-output>
          </reporter-output>
        </test-method> <!-- initialize -->
        <test-method status="PASS" signature="S6_validateProduct()[pri:3, instance:tests.ItemTests@45ca843]" name="S6_validateProduct" duration-ms="479" started-at="2021-07-08T23:27:05Z" finished-at="2021-07-08T23:27:06Z">
          <reporter-output>
          </reporter-output>
        </test-method> <!-- S6_validateProduct -->
        <test-method status="PASS" signature="teardown()[pri:0, instance:tests.ItemTests@45ca843]" name="teardown" is-config="true" duration-ms="36" started-at="2021-07-08T23:27:06Z" finished-at="2021-07-08T23:27:06Z">
          <reporter-output>
          </reporter-output>
        </test-method> <!-- teardown -->
        <test-method status="PASS" signature="initialize()[pri:0, instance:tests.ItemTests@45ca843]" name="initialize" is-config="true" duration-ms="1452" started-at="2021-07-08T23:27:06Z" finished-at="2021-07-08T23:27:08Z">
          <reporter-output>
          </reporter-output>
        </test-method> <!-- initialize -->
        <test-method status="PASS" signature="completePurchase()[pri:4, instance:tests.ItemTests@45ca843]" name="completePurchase" duration-ms="730" started-at="2021-07-08T23:27:08Z" finished-at="2021-07-08T23:27:08Z">
          <reporter-output>
          </reporter-output>
        </test-method> <!-- completePurchase -->
        <test-method status="PASS" signature="teardown()[pri:0, instance:tests.ItemTests@45ca843]" name="teardown" is-config="true" duration-ms="37" started-at="2021-07-08T23:27:09Z" finished-at="2021-07-08T23:27:09Z">
          <reporter-output>
          </reporter-output>
        </test-method> <!-- teardown -->
      </class> <!-- tests.ItemTests -->
    </test> <!-- Test -->
  </suite> <!-- Suite -->
</testng-results>
